<?xml version="1.0" encoding="UTF-8"?>
<!-- Generated by org.testng.reporters.JUnitReportReporter -->
<testsuite hostname="CIPL1292QA" failures="0" tests="1" name="Cucumber.Automation.AppTest" time="0.011" errors="0" timestamp="2023-02-07T18:34:58 IST" skipped="0">
  <testcase classname="Cucumber.Automation.AppTest" name="shouldAnswerWithTrue" time="0.011"/>
  <system-out/>
</testsuite> <!-- Cucumber.Automation.AppTest -->
