<?xml version="1.0" encoding="UTF-8"?>
<!-- Generated by org.testng.reporters.JUnitReportReporter -->
<testsuite hostname="CIPL1292QA" failures="0" tests="1" name="CucumberOptions.TestNGTestRunner" time="0.082" errors="0" timestamp="2023-01-30T17:41:05 IST" skipped="0">
  <testcase classname="CucumberOptions.TestNGTestRunner" name="runScenario" time="0.082"/>
  <system-out/>
</testsuite> <!-- CucumberOptions.TestNGTestRunner -->
